t:\learning\autosar\tasks merging\seatctrlapp_task6_solution\seatctrlapp\seatctrlapp\debug\vc142.pdb
t:\learning\autosar\tasks merging\seatctrlapp_task6_solution\seatctrlapp\seatctrlapp\debug\vc142.idb
t:\learning\autosar\tasks merging\seatctrlapp_task6_solution\seatctrlapp\seatctrlapp\debug\vfb.obj
t:\learning\autosar\tasks merging\seatctrlapp_task6_solution\seatctrlapp\seatctrlapp\debug\rte.obj
t:\learning\autosar\tasks merging\seatctrlapp_task6_solution\seatctrlapp\seatctrlapp\debug\spi.obj
t:\learning\autosar\tasks merging\seatctrlapp_task6_solution\seatctrlapp\seatctrlapp\debug\os.obj
t:\learning\autosar\tasks merging\seatctrlapp_task6_solution\seatctrlapp\seatctrlapp\debug\dio.obj
t:\learning\autosar\tasks merging\seatctrlapp_task6_solution\seatctrlapp\seatctrlapp\debug\com.obj
t:\learning\autosar\tasks merging\seatctrlapp_task6_solution\seatctrlapp\seatctrlapp\debug\adc.obj
t:\learning\autosar\tasks merging\seatctrlapp_task6_solution\seatctrlapp\seatctrlapp\debug\weightsensor.obj
t:\learning\autosar\tasks merging\seatctrlapp_task6_solution\seatctrlapp\seatctrlapp\debug\slidemotor.obj
t:\learning\autosar\tasks merging\seatctrlapp_task6_solution\seatctrlapp\seatctrlapp\debug\iohwabs.obj
t:\learning\autosar\tasks merging\seatctrlapp_task6_solution\seatctrlapp\seatctrlapp\debug\inclinesensor.obj
t:\learning\autosar\tasks merging\seatctrlapp_task6_solution\seatctrlapp\seatctrlapp\debug\inclinemotor.obj
t:\learning\autosar\tasks merging\seatctrlapp_task6_solution\seatctrlapp\seatctrlapp\debug\heightsensor.obj
t:\learning\autosar\tasks merging\seatctrlapp_task6_solution\seatctrlapp\seatctrlapp\debug\heightmotor.obj
t:\learning\autosar\tasks merging\seatctrlapp_task6_solution\seatctrlapp\seatctrlapp\debug\seatmanager.obj
t:\learning\autosar\tasks merging\seatctrlapp_task6_solution\seatctrlapp\seatctrlapp\debug\hmi.obj
t:\learning\autosar\tasks merging\seatctrlapp_task6_solution\seatctrlapp\seatctrlapp\debug\main.obj
t:\learning\autosar\tasks merging\seatctrlapp_task6_solution\seatctrlapp\seatctrlapp\debug\seatctrlapp.tlog\cl.command.1.tlog
t:\learning\autosar\tasks merging\seatctrlapp_task6_solution\seatctrlapp\seatctrlapp\debug\seatctrlapp.tlog\cl.read.1.tlog
t:\learning\autosar\tasks merging\seatctrlapp_task6_solution\seatctrlapp\seatctrlapp\debug\seatctrlapp.tlog\cl.write.1.tlog
